[2023-08-28 13:51:09,088][root][INFO] - Introduce the name of the market to crawl
[2023-08-28 13:57:59,744][root][INFO] - Introduce the name of the market to crawl
[2023-08-28 13:58:18,674][root][INFO] - Introduce the name of the market to crawl
[2023-08-28 13:58:20,398][root][ERROR] - Plan for asap not found
[2023-08-28 13:58:20,399][root][INFO] - Introduce the name of the market to crawl
[2023-08-28 13:59:37,012][root][INFO] - Introduce the name of the market to crawl
[2023-08-28 14:00:38,413][root][INFO] - Introduce the name of the market to crawl
[2023-08-28 14:01:03,467][root][INFO] - Introduce the name of the market to crawl
[2023-08-28 14:01:17,165][root][INFO] - Introduce the name of the market to crawl
[2023-08-28 14:03:44,523][root][INFO] - Introduce the name of the market to crawl
[2023-08-28 14:03:45,644][root][INFO] - ['conf', 'crawlers', 'flags.py', 'main.py', 'session', 'strategies', 'stubs', '__init__.py', '__main__.py', '__pycache__']
[2023-08-28 14:03:45,652][root][ERROR] - Plan for asap not found
[2023-08-28 14:03:45,652][root][INFO] - Introduce the name of the market to crawl
[2023-08-28 14:04:37,293][root][INFO] - Introduce the name of the market to crawl
[2023-08-28 14:05:22,942][root][INFO] - Introduce the name of the market to crawl
[2023-08-28 14:05:26,470][root][INFO] - ['alphabay.yaml', 'archetyp.yaml', 'asap.yaml', 'cypher.yaml', 'darkfox.yaml', 'kingdom.yaml', 'README.md', 'template.yaml', 'tor2door.yaml', 'versus.yaml', 'vice.yaml']
[2023-08-28 14:05:26,507][root][INFO] - Attempting authentication...
[2023-08-28 14:05:26,508][root][WARNING] - Market asap needs authentication
[2023-08-28 14:05:26,509][root][WARNING] - When you are ready, introduce any value. If you rather skip this link, introduce `skip`
[2023-08-29 09:56:57,515][root][INFO] - Introduce the name of the market to crawl
[2023-08-29 09:57:34,090][root][INFO] - Introduce the name of the market to crawl
[2023-08-29 09:58:31,673][root][INFO] - Introduce the name of the market to crawl
[2023-08-29 10:00:34,067][root][INFO] - Introduce the name of the market to crawl
[2023-08-29 10:00:36,210][root][INFO] - 
            Market asap needs authentication
            When you are ready, introduce any value. If you rather skip this link, introduce `skip`" 
            
[2023-08-29 10:00:50,649][root][INFO] - Requesting pending vendor(s)...
[2023-08-29 10:06:53,746][root][INFO] - Introduce the name of the market to crawl
[2023-08-29 10:06:56,501][root][INFO] - 
            Market asap needs authentication
            When you are ready, introduce any value. If you rather skip this link, introduce `skip`" 
            
[2023-08-29 10:07:38,390][root][INFO] - Introduce the name of the market to crawl
[2023-08-29 10:10:17,975][root][INFO] - Introduce the name of the market to crawl
[2023-08-29 10:10:20,072][root][INFO] - 
            Market asap needs authentication
            When you are ready, introduce any value. If you rather skip this link, introduce `skip`" 
            
[2023-08-29 10:10:22,390][root][INFO] - Requesting pending vendor(s)...
[2023-08-29 10:19:43,881][root][INFO] - Introduce the name of the market to crawl
[2023-08-29 10:19:46,130][root][INFO] - 
            Market asap needs authentication
            When you are ready, introduce any value. If you rather skip this link, introduce `skip`" 
            
[2023-08-29 10:19:46,713][root][INFO] - Requesting pending vendor(s)...
[2023-08-29 10:21:31,757][root][INFO] - Introduce the name of the market to crawl
[2023-08-29 10:59:32,705][root][INFO] - Introduce the name of the market to crawl
[2023-08-29 11:02:13,456][root][INFO] - Introduce the name of the market to crawl
[2023-08-29 11:36:56,937][root][INFO] - Introduce the name of the market to crawl
[2023-08-29 11:37:09,737][root][INFO] - 
            Market asap needs authentication
            When you are ready, introduce any value. If you rather skip this link, introduce `skip`" 
            
[2023-08-29 11:37:13,722][root][INFO] - Requesting pending vendor(s)...
[2023-08-29 12:23:36,160][root][INFO] - Introduce the name of the market to crawl
[2023-08-29 12:24:34,192][root][WARNING] - Chain or Key not found
[2023-08-29 12:26:09,811][root][WARNING] - Chain or Key not found
[2023-08-29 12:28:04,698][root][WARNING] - Chain or Key not found
[2023-08-29 12:58:16,739][root][WARNING] - Chain or Key not found
[2023-08-29 12:58:16,746][root][WARNING] - Loaded insecure port
[2023-08-29 12:58:16,746][root][INFO] - Loading database connection...
[2023-08-29 13:02:18,371][root][WARNING] - Chain or Key not found
[2023-08-29 13:02:18,377][root][WARNING] - Loaded insecure port
[2023-08-29 13:02:18,377][root][INFO] - Loading database connection...
[2023-08-29 13:10:15,038][root][WARNING] - Chain or Key not found
[2023-08-29 13:10:15,045][root][WARNING] - Loaded insecure port
[2023-08-29 13:10:15,046][root][INFO] - Loading database connection...
[2023-08-29 13:11:56,827][root][WARNING] - Chain or Key not found
[2023-08-29 13:11:56,834][root][WARNING] - Loaded insecure port
[2023-08-29 13:11:56,834][root][INFO] - Loading database connection...
[2023-08-29 13:14:57,063][root][WARNING] - Chain or Key not found
[2023-08-29 13:14:57,070][root][WARNING] - Loaded insecure port
[2023-08-29 13:14:57,070][root][INFO] - Loading database connection...
[2023-08-29 13:17:34,091][root][WARNING] - Chain or Key not found
[2023-08-29 13:17:34,098][root][WARNING] - Loaded insecure port
[2023-08-29 13:17:34,098][root][INFO] - Loading database connection...
[2023-08-29 13:23:38,606][root][WARNING] - Chain or Key not found
[2023-08-29 13:23:38,612][root][WARNING] - Loaded insecure port
[2023-08-29 13:23:38,613][root][INFO] - Loading database connection...
[2023-08-29 13:24:33,189][root][WARNING] - Chain or Key not found
[2023-08-29 13:24:33,195][root][WARNING] - Loaded insecure port
[2023-08-29 13:24:33,196][root][INFO] - Loading database connection...
[2023-08-29 13:26:44,613][root][WARNING] - Chain or Key not found
[2023-08-29 13:26:44,619][root][WARNING] - Loaded insecure port
[2023-08-29 13:26:44,620][root][INFO] - Loading database connection...
[2023-08-29 14:06:53,476][root][WARNING] - Chain or Key not found
[2023-08-29 14:06:53,483][root][WARNING] - Loaded insecure port
[2023-08-29 14:06:53,483][root][INFO] - Loading database connection...
[2023-08-29 14:07:58,020][root][WARNING] - Chain or Key not found
[2023-08-29 14:07:58,027][root][WARNING] - Loaded insecure port
[2023-08-29 14:07:58,028][root][INFO] - Loading database connection...
[2023-08-29 14:07:58,102][root][INFO] - Connected to database
[2023-08-29 14:12:05,551][root][WARNING] - Chain or Key not found
[2023-08-29 14:12:05,557][root][WARNING] - Loaded insecure port
[2023-08-29 14:12:05,558][root][INFO] - Loading database connection...
[2023-08-29 14:12:05,617][root][INFO] - Connected to database
[2023-08-29 14:14:13,016][root][WARNING] - Chain or Key not found
[2023-08-29 14:14:13,022][root][WARNING] - Loaded insecure port
[2023-08-29 14:14:13,023][root][INFO] - Loading database connection...
[2023-08-29 14:14:13,084][root][INFO] - Connected to database
[2023-08-29 14:16:26,141][root][WARNING] - Chain or Key not found
[2023-08-29 14:16:26,148][root][WARNING] - Loaded insecure port
[2023-08-29 14:16:26,148][root][INFO] - Loading database connection...
[2023-08-29 14:16:26,223][root][INFO] - Connected to database
[2023-08-29 14:18:38,921][root][WARNING] - Chain or Key not found
[2023-08-29 14:18:38,927][root][WARNING] - Loaded insecure port
[2023-08-29 14:18:38,928][root][INFO] - Loading database connection...
[2023-08-29 14:18:38,989][root][INFO] - Connected to database
[2023-08-29 14:18:50,031][root][WARNING] - Chain or Key not found
[2023-08-29 14:18:50,037][root][WARNING] - Loaded insecure port
[2023-08-29 14:18:50,038][root][INFO] - Loading database connection...
[2023-08-29 14:18:50,099][root][INFO] - Connected to database
[2023-08-29 14:20:42,608][root][WARNING] - Chain or Key not found
[2023-08-29 14:20:42,614][root][WARNING] - Loaded insecure port
[2023-08-29 14:20:42,615][root][INFO] - Loading database connection...
[2023-08-29 14:20:42,670][root][INFO] - Connected to database
[2023-08-29 14:23:41,272][root][WARNING] - Chain or Key not found
[2023-08-29 14:23:41,278][root][WARNING] - Loaded insecure port
[2023-08-29 14:23:41,279][root][INFO] - Loading database connection...
[2023-08-29 14:23:41,342][root][INFO] - Connected to database
[2023-08-29 14:23:58,543][root][WARNING] - Chain or Key not found
[2023-08-29 14:23:58,551][root][WARNING] - Loaded insecure port
[2023-08-29 14:23:58,552][root][INFO] - Loading database connection...
[2023-08-29 14:23:58,625][root][INFO] - Connected to database
[2023-08-29 14:24:29,579][root][WARNING] - Chain or Key not found
[2023-08-29 14:24:29,587][root][WARNING] - Loaded insecure port
[2023-08-29 14:24:29,588][root][INFO] - Loading database connection...
[2023-08-29 14:24:29,670][root][INFO] - Connected to database
[2023-08-29 14:24:51,604][root][WARNING] - Chain or Key not found
[2023-08-29 14:24:51,610][root][WARNING] - Loaded insecure port
[2023-08-29 14:24:51,611][root][INFO] - Loading database connection...
[2023-08-29 14:24:51,681][root][INFO] - Connected to database
[2023-08-29 14:25:00,950][root][WARNING] - Chain or Key not found
[2023-08-29 14:25:00,959][root][WARNING] - Loaded insecure port
[2023-08-29 14:25:00,960][root][INFO] - Loading database connection...
[2023-08-29 14:25:01,032][root][INFO] - Connected to database
[2023-08-29 14:25:27,565][root][WARNING] - Chain or Key not found
[2023-08-29 14:25:27,571][root][WARNING] - Loaded insecure port
[2023-08-29 14:25:27,572][root][INFO] - Loading database connection...
[2023-08-29 14:25:27,632][root][INFO] - Connected to database
[2023-08-29 14:27:24,547][root][WARNING] - Chain or Key not found
[2023-08-29 14:27:24,553][root][WARNING] - Loaded insecure port
[2023-08-29 14:27:24,554][root][INFO] - Loading database connection...
[2023-08-29 14:27:24,625][root][INFO] - Connected to database
[2023-08-29 14:28:09,956][root][WARNING] - Chain or Key not found
[2023-08-29 14:28:09,963][root][WARNING] - Loaded insecure port
[2023-08-29 14:28:09,964][root][INFO] - Loading database connection...
[2023-08-29 14:28:10,036][root][INFO] - Connected to database
[2023-08-29 14:31:26,731][root][WARNING] - Chain or Key not found
[2023-08-29 14:31:26,737][root][WARNING] - Loaded insecure port
[2023-08-29 14:31:26,738][root][INFO] - Loading database connection...
[2023-08-29 14:31:26,791][root][INFO] - Connected to database
[2023-08-29 14:31:26,841][root][INFO] - Server started
[2023-08-29 14:32:48,651][root][WARNING] - Chain or Key not found
[2023-08-29 14:32:48,658][root][WARNING] - Loaded insecure port
[2023-08-29 14:32:48,658][root][INFO] - Loading database connection...
[2023-08-29 14:32:48,728][root][INFO] - Connected to database
[2023-08-29 14:32:48,780][root][INFO] - Server started
[2023-08-29 14:33:36,444][root][INFO] - Introduce the name of the market to crawl
[2023-08-29 14:33:40,065][root][INFO] - 
            Market asap needs authentication
            When you are ready, introduce any value. If you rather skip this link, introduce `skip`" 
            
[2023-08-29 14:33:41,661][root][INFO] - Requesting pending vendor(s)...
[2023-08-29 20:14:31,758][root][WARNING] - Chain or Key not found
[2023-08-29 20:15:15,373][root][WARNING] - Chain or Key not found
[2023-08-29 20:15:25,625][root][WARNING] - Chain or Key not found
[2023-08-29 20:23:45,176][root][WARNING] - Chain or Key not found
[2023-08-29 20:23:45,181][root][WARNING] - Loaded insecure port
[2023-08-29 20:23:45,182][root][INFO] - Loading database connection...
[2023-08-29 20:23:45,283][root][INFO] - Connected to database
[2023-08-29 20:24:59,345][root][WARNING] - Chain or Key not found
[2023-08-29 20:24:59,350][root][WARNING] - Loaded insecure port
[2023-08-29 20:24:59,350][root][INFO] - Loading database connection...
[2023-08-29 20:24:59,423][root][INFO] - Connected to database
[2023-08-29 20:24:59,454][root][INFO] - Server started
[2023-08-29 20:25:34,157][root][INFO] - Created insecure channel with storage
[2023-08-29 20:25:34,158][root][INFO] - Introduce the name of the market to crawl
[2023-08-29 20:25:36,848][root][INFO] - 
            Market asap needs authentication
            When you are ready, introduce any value. If you rather skip this link, introduce `skip`" 
            
[2023-08-29 20:25:38,157][root][INFO] - Requesting pending vendor(s)...
[2023-08-29 20:26:41,220][root][INFO] - Created insecure channel with storage
[2023-08-29 20:26:41,221][root][INFO] - Introduce the name of the market to crawl
[2023-08-29 20:26:42,612][root][INFO] - 
            Market asap needs authentication
            When you are ready, introduce any value. If you rather skip this link, introduce `skip`" 
            
[2023-08-29 20:26:42,803][root][INFO] - Requesting pending vendor(s)...
[2023-08-29 19:19:09,677][root][WARNING] - Chain or Key not found
[2023-08-29 19:21:09,884][root][WARNING] - Chain or Key not found
[2023-08-29 19:22:14,269][root][WARNING] - Chain or Key not found
[2023-08-29 19:23:06,870][root][WARNING] - Chain or Key not found
[2023-08-29 19:23:06,880][root][WARNING] - Loaded insecure port
[2023-08-29 19:23:06,881][root][INFO] - Loading database connection...
[2023-08-29 21:43:21,197][root][WARNING] - Chain or Key not found
[2023-08-29 21:43:37,234][root][WARNING] - Chain or Key not found
[2023-08-29 21:43:50,968][root][WARNING] - Chain or Key not found
[2023-08-29 19:46:11,148][root][WARNING] - Chain or Key not found
[2023-08-29 19:46:11,158][root][WARNING] - Loaded insecure port
[2023-08-29 19:46:11,158][root][INFO] - Loading database connection...
[2023-08-29 19:46:11,160][root][INFO] - Connected to database
[2023-08-29 19:46:30,327][root][WARNING] - Chain or Key not found
[2023-08-29 19:46:30,335][root][WARNING] - Loaded insecure port
[2023-08-29 19:46:30,336][root][INFO] - Loading database connection...
[2023-08-29 19:46:30,337][root][INFO] - Connected to database
[2023-08-29 19:46:51,115][root][WARNING] - Chain or Key not found
[2023-08-29 19:46:51,122][root][WARNING] - Loaded insecure port
[2023-08-29 19:46:51,123][root][INFO] - Loading database connection...
[2023-08-29 19:46:51,124][root][INFO] - Connected to database
[2023-08-29 19:47:13,354][root][WARNING] - Chain or Key not found
[2023-08-29 19:47:13,362][root][WARNING] - Loaded insecure port
[2023-08-29 19:47:13,363][root][INFO] - Loading database connection...
[2023-08-29 19:47:13,365][root][INFO] - Connected to database
[2023-08-29 19:48:53,337][root][WARNING] - Chain or Key not found
[2023-08-29 19:48:53,345][root][WARNING] - Loaded insecure port
[2023-08-29 19:48:53,346][root][INFO] - Loading database connection...
[2023-08-29 19:48:53,348][root][INFO] - Connected to database
[2023-08-29 19:50:07,486][root][WARNING] - Chain or Key not found
[2023-08-29 19:50:07,492][root][WARNING] - Loaded insecure port
[2023-08-29 19:50:07,493][root][INFO] - Loading database connection...
[2023-08-29 19:50:07,495][root][INFO] - Connected to database
[2023-08-29 19:50:07,577][root][INFO] - Server started
[2023-08-29 19:50:28,869][root][INFO] - Created insecure channel with storage
[2023-08-29 19:50:28,870][root][INFO] - Introduce the name of the market to crawl
[2023-08-29 19:50:30,739][root][INFO] - 
            Market asap needs authentication
            When you are ready, introduce any value. If you rather skip this link, introduce `skip`" 
            
[2023-08-29 19:50:31,299][root][INFO] - Requesting pending vendor(s)...
[2023-08-29 19:50:58,753][root][INFO] - Created insecure channel with storage
[2023-08-29 19:50:58,754][root][INFO] - Introduce the name of the market to crawl
[2023-08-29 19:51:04,786][root][INFO] - 
            Market asap needs authentication
            When you are ready, introduce any value. If you rather skip this link, introduce `skip`" 
            
[2023-08-29 19:51:06,364][root][INFO] - Requesting pending vendor(s)...
[2023-08-29 19:54:28,090][root][WARNING] - Chain or Key not found
[2023-08-29 19:54:28,098][root][WARNING] - Loaded insecure port
[2023-08-29 19:54:28,099][root][INFO] - Loading database connection...
[2023-08-29 19:54:28,101][root][INFO] - Connected to database
[2023-08-29 19:54:28,148][root][INFO] - Server started
[2023-08-29 19:54:40,600][root][INFO] - Created insecure channel with storage
[2023-08-29 19:54:40,601][root][INFO] - Introduce the name of the market to crawl
[2023-08-29 19:54:42,393][root][INFO] - 
            Market asap needs authentication
            When you are ready, introduce any value. If you rather skip this link, introduce `skip`" 
            
[2023-08-29 19:54:43,086][root][INFO] - Requesting pending vendor(s)...
[2023-08-29 19:59:51,731][root][WARNING] - Chain or Key not found
[2023-08-29 19:59:51,739][root][WARNING] - Loaded insecure port
[2023-08-29 19:59:51,740][root][INFO] - Loading database connection...
[2023-08-29 19:59:51,742][root][INFO] - Connected to database
[2023-08-29 19:59:51,760][root][INFO] - Server started
[2023-08-29 20:00:01,199][root][INFO] - Created insecure channel with storage
[2023-08-29 20:00:01,200][root][INFO] - Introduce the name of the market to crawl
[2023-08-29 20:00:03,444][root][INFO] - 
            Market asap needs authentication
            When you are ready, introduce any value. If you rather skip this link, introduce `skip`" 
            
[2023-08-29 20:00:04,562][root][INFO] - Requesting pending vendor(s)...
[2023-08-29 20:00:04,610][root][INFO] - Requesting pending product(s)...
[2023-08-29 20:07:42,090][root][INFO] - Created insecure channel with storage
[2023-08-29 20:07:42,091][root][INFO] - Introduce the name of the market to crawl
[2023-08-29 20:07:44,720][root][INFO] - 
            Market asap needs authentication
            When you are ready, introduce any value. If you rather skip this link, introduce `skip`" 
            
[2023-08-29 20:07:46,333][root][INFO] - Requesting pending vendor(s)...
[2023-08-29 20:07:46,339][root][INFO] - Requesting pending product(s)...
[2023-08-29 20:07:46,343][root][INFO] - no validators found for status
[2023-08-29 20:07:46,344][root][INFO] - no validators found for content
[2023-08-29 20:07:46,345][root][INFO] - no validators found for content
[2023-08-29 20:11:05,010][root][INFO] - Created insecure channel with storage
[2023-08-29 20:11:05,011][root][INFO] - Introduce the name of the market to crawl
[2023-08-29 20:11:06,291][root][INFO] - 
            Market asap needs authentication
            When you are ready, introduce any value. If you rather skip this link, introduce `skip`" 
            
[2023-08-29 20:11:07,350][root][INFO] - Requesting pending vendor(s)...
[2023-08-29 20:11:07,358][root][INFO] - Requesting pending product(s)...
[2023-08-29 20:15:48,085][root][INFO] - Created insecure channel with storage
[2023-08-29 20:15:48,086][root][INFO] - Introduce the name of the market to crawl
[2023-08-29 20:15:50,324][root][INFO] - 
            Market asap needs authentication
            When you are ready, introduce any value. If you rather skip this link, introduce `skip`" 
            
[2023-08-29 20:15:51,483][root][INFO] - Requesting pending vendor(s)...
[2023-08-29 20:15:51,490][root][INFO] - Requesting pending product(s)...
[2023-08-29 20:15:51,495][root][INFO] - {'market': 'asap', 'domain': 'http://asap2u4pvplnkzl7ecle45wajojnftja45wvovl3jrvhangeyq67ziid.onion'}
[2023-08-29 20:16:55,534][root][INFO] - Created insecure channel with storage
[2023-08-29 20:16:55,536][root][INFO] - Introduce the name of the market to crawl
[2023-08-29 20:16:57,068][root][INFO] - 
            Market asap needs authentication
            When you are ready, introduce any value. If you rather skip this link, introduce `skip`" 
            
[2023-08-29 20:16:57,514][root][INFO] - Requesting pending vendor(s)...
[2023-08-29 20:16:57,520][root][INFO] - Requesting pending product(s)...
[2023-08-29 20:16:57,525][root][INFO] - {'market': 'asap', 'domain': 'http://asap2u4pvplnkzl7ecle45wajojnftja45wvovl3jrvhangeyq67ziid.onion'}
[2023-08-29 20:18:36,283][root][INFO] - Created insecure channel with storage
[2023-08-29 20:18:36,284][root][INFO] - Introduce the name of the market to crawl
[2023-08-29 20:18:37,617][root][INFO] - 
            Market asap needs authentication
            When you are ready, introduce any value. If you rather skip this link, introduce `skip`" 
            
[2023-08-29 20:18:38,820][root][INFO] - Requesting pending vendor(s)...
[2023-08-29 20:18:38,826][root][INFO] - Requesting pending product(s)...
[2023-08-29 20:18:38,831][root][INFO] - {'market': 'asap', 'domain': 'http://asap2u4pvplnkzl7ecle45wajojnftja45wvovl3jrvhangeyq67ziid.onion'}
[2023-08-29 20:18:38,924][root][INFO] - Next category page...
[2023-08-29 20:19:51,930][root][INFO] - Created insecure channel with storage
[2023-08-29 20:19:51,931][root][INFO] - Introduce the name of the market to crawl
[2023-08-29 20:19:53,265][root][INFO] - 
            Market asap needs authentication
            When you are ready, introduce any value. If you rather skip this link, introduce `skip`" 
            
[2023-08-29 20:19:54,832][root][INFO] - Requesting pending vendor(s)...
[2023-08-29 20:19:54,839][root][INFO] - Requesting pending product(s)...
[2023-08-29 20:19:54,844][root][INFO] - {'market': 'asap', 'domain': 'http://asap2u4pvplnkzl7ecle45wajojnftja45wvovl3jrvhangeyq67ziid.onion'}
[2023-08-29 20:19:54,888][root][INFO] - Next category page...
[2023-08-29 20:23:03,218][root][INFO] - Created insecure channel with storage
[2023-08-29 20:23:03,219][root][INFO] - Introduce the name of the market to crawl
[2023-08-29 20:23:05,612][root][INFO] - 
            Market asap needs authentication
            When you are ready, introduce any value. If you rather skip this link, introduce `skip`" 
            
[2023-08-29 20:23:10,718][root][INFO] - Requesting pending vendor(s)...
[2023-08-29 20:23:10,724][root][INFO] - Requesting pending product(s)...
[2023-08-29 20:23:10,754][root][INFO] - Next category page...
[2023-08-29 20:23:11,780][root][INFO] - Creating new session...
[2023-08-29 20:23:11,783][root][ERROR] - SOCKSHTTPConnectionPool(host='asap2u4pvplnkzl7ecle45wajojnftja45wvovl3jrvhangeyq67ziid.onion', port=80): Max retries exceeded with url: /search?categoryId=cf0b497b-bbb4-4685-85df-f15f658f0372 (Caused by NewConnectionError('<urllib3.contrib.socks.SOCKSConnection object at 0x7fc4cc116830>: Failed to establish a new connection: [Errno 99] Cannot assign requested address'))
[2023-08-29 20:23:13,542][root][ERROR] - SOCKSHTTPConnectionPool(host='asap2u4pvplnkzl7ecle45wajojnftja45wvovl3jrvhangeyq67ziid.onion', port=80): Max retries exceeded with url: /search?categoryId=cf0b497b-bbb4-4685-85df-f15f658f0372 (Caused by NewConnectionError('<urllib3.contrib.socks.SOCKSConnection object at 0x7fc4cc116c20>: Failed to establish a new connection: [Errno 99] Cannot assign requested address'))
[2023-08-29 20:23:13,571][root][INFO] - Next category page...
[2023-08-29 20:23:16,550][root][ERROR] - SOCKSHTTPConnectionPool(host='asap2u4pvplnkzl7ecle45wajojnftja45wvovl3jrvhangeyq67ziid.onion', port=80): Max retries exceeded with url: /search?categoryId=3e709c77-3e09-46a9-9bc4-ddc7c617bfbd (Caused by NewConnectionError('<urllib3.contrib.socks.SOCKSConnection object at 0x7fc4cc1170a0>: Failed to establish a new connection: [Errno 99] Cannot assign requested address'))
[2023-08-29 20:23:20,519][root][ERROR] - SOCKSHTTPConnectionPool(host='asap2u4pvplnkzl7ecle45wajojnftja45wvovl3jrvhangeyq67ziid.onion', port=80): Max retries exceeded with url: /search?categoryId=3e709c77-3e09-46a9-9bc4-ddc7c617bfbd (Caused by NewConnectionError('<urllib3.contrib.socks.SOCKSConnection object at 0x7fc4cc1173d0>: Failed to establish a new connection: [Errno 99] Cannot assign requested address'))
[2023-08-29 20:23:20,542][root][INFO] - Next category page...
